Using pre-set license
Built from '2020.2/release' branch; Version is '2020.2.2f1 (068178b99f32) revision 426360'; Using compiler version '192528614'; Build Type 'Release'
OS: 'Windows 10 Home; OS build 19041.985; Version 2004; 64bit' Language: 'ko' Physical Memory: 16305 MB
BatchMode: 1, IsHumanControllingUs: 0, StartBugReporterOnCrash: 0, Is64bit: 1, IsPro: 0

 COMMAND LINE ARGUMENTS:
C:\Users\soran\OneDrive\바탕 화면\Unity\2020.2.2f1\Editor\Unity.exe
-adb2
-batchMode
-noUpm
-name
AssetImportWorker0
-projectPath
D:/a_growFROG/Raising a Frog
-logFile
Logs/AssetImportWorker0.log
-srvPort
49170
Successfully changed project path to: D:/a_growFROG/Raising a Frog
D:/a_growFROG/Raising a Frog
Using Asset Import Pipeline V2.
Refreshing native plugins compatible for Editor in 51.15 ms, found 1 plugins.
Preloading 0 native plugins for Editor in 0.00 ms.
Initialize engine version: 2020.2.2f1 (068178b99f32)
[Subsystems] Discovering subsystems at path C:/Users/soran/OneDrive/바탕 화면/Unity/2020.2.2f1/Editor/Data/Resources/UnitySubsystems
[Subsystems] Discovering subsystems at path D:/a_growFROG/Raising a Frog/Assets
GfxDevice: creating device client; threaded=0
Direct3D:
    Version:  Direct3D 11.0 [level 11.1]
    Renderer: NVIDIA GeForce GTX 1060 (ID=0x1c60)
    Vendor:   
    VRAM:     6052 MB
    Driver:   24.21.13.9889
Initialize mono
Mono path[0] = 'C:/Users/soran/OneDrive/바탕 화면/Unity/2020.2.2f1/Editor/Data/Managed'
Mono path[1] = 'C:/Users/soran/OneDrive/바탕 화면/Unity/2020.2.2f1/Editor/Data/MonoBleedingEdge/lib/mono/unityjit'
Mono config path = 'C:/Users/soran/OneDrive/바탕 화면/Unity/2020.2.2f1/Editor/Data/MonoBleedingEdge/etc'
Using monoOptions --debugger-agent=transport=dt_socket,embedding=1,server=y,suspend=n,address=127.0.0.1:56184
Begin MonoManager ReloadAssembly
Registering precompiled unity dll's ...
Register platform support module: C:/Users/soran/OneDrive/바탕 화면/Unity/2020.2.2f1/Editor/Data/PlaybackEngines/WindowsStandaloneSupport/UnityEditor.WindowsStandalone.Extensions.dll
Registered in 0.003911 seconds.
Native extension for WindowsStandalone target not found
Refreshing native plugins compatible for Editor in 51.13 ms, found 1 plugins.
Preloading 0 native plugins for Editor in 0.00 ms.
Invoked RoslynAnalysisRunner static constructor.
RoslynAnalysisRunner will not be running.
RoslynAnalysisRunner has terminated.
Mono: successfully reloaded assembly
- Completed reload, in  3.047 seconds
Platform modules already initialized, skipping
Registering precompiled user dll's ...
Registered in 0.001063 seconds.
Begin MonoManager ReloadAssembly
Native extension for WindowsStandalone target not found
Refreshing native plugins compatible for Editor in 40.13 ms, found 1 plugins.
Preloading 0 native plugins for Editor in 0.00 ms.
Invoked RoslynAnalysisRunner static constructor.
RoslynAnalysisRunner will not be running.
RoslynAnalysisRunner has terminated.
Mono: successfully reloaded assembly
- Completed reload, in  1.105 seconds
Platform modules already initialized, skipping
========================================================================
Worker process is ready to serve import requests
Launched and connected shader compiler UnityShaderCompiler.exe after 0.10 seconds
Refreshing native plugins compatible for Editor in 0.33 ms, found 1 plugins.
Preloading 0 native plugins for Editor in 0.00 ms.
Unloading 1794 Unused Serialized files (Serialized files now loaded: 0)
System memory in use before: 86.9 MB.
System memory in use after: 86.8 MB.

Unloading 24 unused Assets to reduce memory usage. Loaded Objects now: 2236.
Total: 2.390000 ms (FindLiveObjects: 0.185900 ms CreateObjectMapping: 0.072000 ms MarkObjects: 1.992100 ms  DeleteObjects: 0.138400 ms)

========================================================================
Received Import Request.
  path: Assets/Sprites/먹이_파리.png
  artifactKey: Guid(4323f45453d398d40ad0019a4bcab668) Importer(815301076,1909f56bfc062723c751e8b465ee728b)
Start importing Assets/Sprites/먹이_파리.png using Guid(4323f45453d398d40ad0019a4bcab668) Importer(815301076,1909f56bfc062723c751e8b465ee728b)  -> (artifact id: '704e757b2479b9c2256b4fc0b41b79d4') in 0.134423 seconds
  Import took 0.137835 seconds .

========================================================================
Received Import Request.
  Time since last request: 27.016951 seconds.
  path: Assets/먹이_파리.prefab
  artifactKey: Guid(f24afaea8d384fb499c7aa96ef7779c6) Importer(815301076,1909f56bfc062723c751e8b465ee728b)
Start importing Assets/먹이_파리.prefab using Guid(f24afaea8d384fb499c7aa96ef7779c6) Importer(815301076,1909f56bfc062723c751e8b465ee728b)  -> (artifact id: '67a79f7b2abde0fc91714c10e442ad90') in 0.036041 seconds
  Import took 0.039206 seconds .

========================================================================
Received Import Request.
  Time since last request: 0.000763 seconds.
  path: Assets/먹이_파리.prefab
  artifactKey: Guid(f24afaea8d384fb499c7aa96ef7779c6) Importer(815301076,1909f56bfc062723c751e8b465ee728b)
Start importing Assets/먹이_파리.prefab using Guid(f24afaea8d384fb499c7aa96ef7779c6) Importer(815301076,1909f56bfc062723c751e8b465ee728b)  -> (artifact id: '67a79f7b2abde0fc91714c10e442ad90') in 0.010364 seconds
  Import took 0.014705 seconds .

========================================================================
Received Import Request.
  Time since last request: 67.863140 seconds.
  path: Assets/Scripts
  artifactKey: Guid(3d0892c6345f5104da73a00c738fd2f3) Importer(815301076,1909f56bfc062723c751e8b465ee728b)
Start importing Assets/Scripts using Guid(3d0892c6345f5104da73a00c738fd2f3) Importer(815301076,1909f56bfc062723c751e8b465ee728b)  -> (artifact id: '8ad17735d0e1429022148ce540482536') in 0.002853 seconds
  Import took 0.006586 seconds .

========================================================================
Received Import Request.
  Time since last request: 6.812900 seconds.
  path: Assets/Scripts/Feed.cs
  artifactKey: Guid(35a8af32d71625741bf468184bafefb9) Importer(815301076,1909f56bfc062723c751e8b465ee728b)
Start importing Assets/Scripts/Feed.cs using Guid(35a8af32d71625741bf468184bafefb9) Importer(815301076,1909f56bfc062723c751e8b465ee728b)  -> (artifact id: 'f5150de4a3333bbea46f618af53330c5') in 0.062250 seconds
  Import took 0.066368 seconds .

========================================================================
Received Prepare
Registering precompiled user dll's ...
Registered in 0.001483 seconds.
Begin MonoManager ReloadAssembly
Native extension for WindowsStandalone target not found
Refreshing native plugins compatible for Editor in 0.38 ms, found 1 plugins.
Preloading 0 native plugins for Editor in 0.00 ms.
Invoked RoslynAnalysisRunner static constructor.
RoslynAnalysisRunner will not be running.
RoslynAnalysisRunner has terminated.
Mono: successfully reloaded assembly
- Completed reload, in  1.278 seconds
Platform modules already initialized, skipping
Refreshing native plugins compatible for Editor in 0.36 ms, found 1 plugins.
Preloading 0 native plugins for Editor in 0.00 ms.
Unloading 1790 Unused Serialized files (Serialized files now loaded: 0)
System memory in use before: 90.1 MB.
System memory in use after: 90.1 MB.

Unloading 12 unused Assets to reduce memory usage. Loaded Objects now: 2250.
Total: 2.710000 ms (FindLiveObjects: 0.467100 ms CreateObjectMapping: 0.139600 ms MarkObjects: 2.000800 ms  DeleteObjects: 0.099800 ms)

========================================================================
Received Prepare
Registering precompiled user dll's ...
Registered in 0.001281 seconds.
Begin MonoManager ReloadAssembly
Native extension for WindowsStandalone target not found
Refreshing native plugins compatible for Editor in 0.51 ms, found 1 plugins.
Preloading 0 native plugins for Editor in 0.00 ms.
Invoked RoslynAnalysisRunner static constructor.
RoslynAnalysisRunner will not be running.
RoslynAnalysisRunner has terminated.
Mono: successfully reloaded assembly
- Completed reload, in  1.387 seconds
Platform modules already initialized, skipping
Refreshing native plugins compatible for Editor in 0.34 ms, found 1 plugins.
Preloading 0 native plugins for Editor in 0.00 ms.
Unloading 1790 Unused Serialized files (Serialized files now loaded: 0)
System memory in use before: 90.2 MB.
System memory in use after: 90.2 MB.

Unloading 12 unused Assets to reduce memory usage. Loaded Objects now: 2253.
Total: 1.917400 ms (FindLiveObjects: 0.181600 ms CreateObjectMapping: 0.064600 ms MarkObjects: 1.570200 ms  DeleteObjects: 0.099900 ms)

========================================================================
Received Import Request.
  Time since last request: 1194.235391 seconds.
  path: Assets/Scripts/Feed.cs
  artifactKey: Guid(35a8af32d71625741bf468184bafefb9) Importer(815301076,1909f56bfc062723c751e8b465ee728b)
Start importing Assets/Scripts/Feed.cs using Guid(35a8af32d71625741bf468184bafefb9) Importer(815301076,1909f56bfc062723c751e8b465ee728b)  -> (artifact id: '479553b334578f7e24964cf40a6868e4') in 0.005381 seconds
  Import took 0.009013 seconds .

========================================================================
Received Prepare
Registering precompiled user dll's ...
Registered in 0.002406 seconds.
Begin MonoManager ReloadAssembly
Native extension for WindowsStandalone target not found
Refreshing native plugins compatible for Editor in 0.59 ms, found 1 plugins.
Preloading 0 native plugins for Editor in 0.00 ms.
Invoked RoslynAnalysisRunner static constructor.
RoslynAnalysisRunner will not be running.
RoslynAnalysisRunner has terminated.
Mono: successfully reloaded assembly
- Completed reload, in  1.233 seconds
Platform modules already initialized, skipping
Refreshing native plugins compatible for Editor in 0.34 ms, found 1 plugins.
Preloading 0 native plugins for Editor in 0.00 ms.
Unloading 1790 Unused Serialized files (Serialized files now loaded: 0)
System memory in use before: 90.3 MB.
System memory in use after: 90.3 MB.

Unloading 12 unused Assets to reduce memory usage. Loaded Objects now: 2256.
Total: 2.974700 ms (FindLiveObjects: 0.341300 ms CreateObjectMapping: 0.132100 ms MarkObjects: 2.274800 ms  DeleteObjects: 0.224200 ms)

========================================================================
Received Import Request.
  Time since last request: 2104.957201 seconds.
  path: Assets/Scripts/FeedManager.cs
  artifactKey: Guid(b9b9401dba3498240a01bdf1334f86ea) Importer(815301076,1909f56bfc062723c751e8b465ee728b)
Start importing Assets/Scripts/FeedManager.cs using Guid(b9b9401dba3498240a01bdf1334f86ea) Importer(815301076,1909f56bfc062723c751e8b465ee728b)  -> (artifact id: '2f62086ebe626a3bee957b7ba536aec8') in 0.024771 seconds
  Import took 0.034293 seconds .

========================================================================
Received Prepare
Registering precompiled user dll's ...
Registered in 0.001667 seconds.
Begin MonoManager ReloadAssembly
Native extension for WindowsStandalone target not found
Refreshing native plugins compatible for Editor in 0.36 ms, found 1 plugins.
Preloading 0 native plugins for Editor in 0.00 ms.
Invoked RoslynAnalysisRunner static constructor.
RoslynAnalysisRunner will not be running.
RoslynAnalysisRunner has terminated.
Mono: successfully reloaded assembly
- Completed reload, in  1.370 seconds
Platform modules already initialized, skipping
Refreshing native plugins compatible for Editor in 0.48 ms, found 1 plugins.
Preloading 0 native plugins for Editor in 0.00 ms.
Unloading 1791 Unused Serialized files (Serialized files now loaded: 0)
System memory in use before: 90.4 MB.
System memory in use after: 90.4 MB.

Unloading 12 unused Assets to reduce memory usage. Loaded Objects now: 2260.
Total: 2.443200 ms (FindLiveObjects: 0.333400 ms CreateObjectMapping: 0.111100 ms MarkObjects: 1.889200 ms  DeleteObjects: 0.107300 ms)

========================================================================
Received Prepare
Registering precompiled user dll's ...
Registered in 0.001504 seconds.
Begin MonoManager ReloadAssembly
Native extension for WindowsStandalone target not found
Refreshing native plugins compatible for Editor in 0.35 ms, found 1 plugins.
Preloading 0 native plugins for Editor in 0.00 ms.
Invoked RoslynAnalysisRunner static constructor.
RoslynAnalysisRunner will not be running.
RoslynAnalysisRunner has terminated.
Mono: successfully reloaded assembly
- Completed reload, in  1.216 seconds
Platform modules already initialized, skipping
Refreshing native plugins compatible for Editor in 0.49 ms, found 1 plugins.
Preloading 0 native plugins for Editor in 0.00 ms.
Unloading 1791 Unused Serialized files (Serialized files now loaded: 0)
System memory in use before: 90.5 MB.
System memory in use after: 90.5 MB.

Unloading 12 unused Assets to reduce memory usage. Loaded Objects now: 2263.
Total: 2.051700 ms (FindLiveObjects: 0.154900 ms CreateObjectMapping: 0.060000 ms MarkObjects: 1.732900 ms  DeleteObjects: 0.102600 ms)

========================================================================
Received Import Request.
  Time since last request: 160.524029 seconds.
  path: Assets/먹이_파리.prefab
  artifactKey: Guid(f24afaea8d384fb499c7aa96ef7779c6) Importer(815301076,1909f56bfc062723c751e8b465ee728b)
Start importing Assets/먹이_파리.prefab using Guid(f24afaea8d384fb499c7aa96ef7779c6) Importer(815301076,1909f56bfc062723c751e8b465ee728b)  -> (artifact id: '270d637db64be56093f3e99c8e848cf1') in 0.069847 seconds
  Import took 0.073653 seconds .

========================================================================
Received Import Request.
  Time since last request: 38.684417 seconds.
  path: Assets/Scripts/Player.cs
  artifactKey: Guid(1cdd288a13d33eb4bb84d24bdc0724c9) Importer(815301076,1909f56bfc062723c751e8b465ee728b)
Start importing Assets/Scripts/Player.cs using Guid(1cdd288a13d33eb4bb84d24bdc0724c9) Importer(815301076,1909f56bfc062723c751e8b465ee728b)  -> (artifact id: '57e76f55a0d6028d2a705c7582838582') in 0.005236 seconds
  Import took 0.009864 seconds .

========================================================================
Received Import Request.
  Time since last request: 0.004088 seconds.
  path: Assets/Scripts/Player.cs
  artifactKey: Guid(1cdd288a13d33eb4bb84d24bdc0724c9) Importer(815301076,1909f56bfc062723c751e8b465ee728b)
Start importing Assets/Scripts/Player.cs using Guid(1cdd288a13d33eb4bb84d24bdc0724c9) Importer(815301076,1909f56bfc062723c751e8b465ee728b)  -> (artifact id: '57e76f55a0d6028d2a705c7582838582') in 0.004920 seconds
  Import took 0.009433 seconds .

========================================================================
Received Import Request.
  Time since last request: 2.150371 seconds.
  path: Assets/Scripts/FeedManager.cs
  artifactKey: Guid(b9b9401dba3498240a01bdf1334f86ea) Importer(815301076,1909f56bfc062723c751e8b465ee728b)
Start importing Assets/Scripts/FeedManager.cs using Guid(b9b9401dba3498240a01bdf1334f86ea) Importer(815301076,1909f56bfc062723c751e8b465ee728b)  -> (artifact id: '79d2fec28cd4c37959527dbd275d9a60') in 0.003821 seconds
  Import took 0.007897 seconds .

========================================================================
Received Import Request.
  Time since last request: 0.000422 seconds.
  path: Assets/Scripts/FeedManager.cs
  artifactKey: Guid(b9b9401dba3498240a01bdf1334f86ea) Importer(815301076,1909f56bfc062723c751e8b465ee728b)
Start importing Assets/Scripts/FeedManager.cs using Guid(b9b9401dba3498240a01bdf1334f86ea) Importer(815301076,1909f56bfc062723c751e8b465ee728b)  -> (artifact id: '79d2fec28cd4c37959527dbd275d9a60') in 0.004600 seconds
  Import took 0.008581 seconds .

========================================================================
Received Import Request.
  Time since last request: 0.414364 seconds.
  path: Assets/Scripts/Feed.cs
  artifactKey: Guid(35a8af32d71625741bf468184bafefb9) Importer(815301076,1909f56bfc062723c751e8b465ee728b)
Start importing Assets/Scripts/Feed.cs using Guid(35a8af32d71625741bf468184bafefb9) Importer(815301076,1909f56bfc062723c751e8b465ee728b)  -> (artifact id: 'ada34270c8f65e1441778dfe57c555b3') in 0.005352 seconds
  Import took 0.010473 seconds .

AssetImportWorkerClient::OnTransportError - code=2 error=End of file
